<?xml version="1.0" encoding="UTF-8"?>
<beans xmlns="http://www.springframework.org/schema/beans"
       xmlns:xsi="http://www.w3.org/2001/XMLSchema-instance"
       xmlns:jbpm="http://drools.org/schema/drools-spring"       
       xsi:schemaLocation="http://www.springframework.org/schema/beans http://www.springframework.org/schema/beans/spring-beans-3.0.xsd 
       http://drools.org/schema/drools-spring org/drools/container/spring/drools-spring-1.2.0.xsd">

  <!-- data sources -->
          
  <bean id="ds" class="org.springframework.jdbc.datasource.DriverManagerDataSource">
    <property name="driverClassName" value="org.h2.Driver"/>
    <property name="url" value="jdbc:h2:mem:testDb;DB_CLOSE_DELAY=-1" />
    <property name="username" value="sa"/>
    <property name="password" value="sasa"/>
  </bean>
  
  <bean id="htEmf" class="org.springframework.orm.jpa.LocalContainerEntityManagerFactoryBean">
    <property name="dataSource" ref="ds" />
    <property name="persistenceUnitName" value="org.jbpm.task" />
    <property name="jpaVendorAdapter">
      <bean class="org.springframework.orm.jpa.vendor.HibernateJpaVendorAdapter">
        <property name="showSql" value="false" />
        <property name="database" value="H2" />
        <property name="databasePlatform" value="org.hibernate.dialect.H2Dialect" />
      </bean>
    </property>
  </bean>

  <bean id="htTxManager" class="org.springframework.orm.jpa.JpaTransactionManager">
    <property name="entityManagerFactory" ref="htEmf" />
  </bean>
  
  <!-- human-task beans -->
  
  <bean id="taskService" class="org.jbpm.task.service.TaskService" depends-on="htEmf" >
    <constructor-arg ref="htEmf" />
    <constructor-arg type="org.drools.SystemEventListener">
        <bean class="org.drools.SystemEventListenerFactory" factory-method="getSystemEventListener" />
    </constructor-arg>
  </bean>
  
</beans>
